f:\projects\cuda\checkgpu\x64\debug\checkgpu.lib
f:\projects\cuda\checkgpu\x64\debug\checkgpu.exp
x64\debug\cuda_matrix.cu.obj
x64\debug\cuda_vector.cu.obj
x64\debug\kernel.cu.obj
x64\debug\cuda_getgpuinfo.h.obj
x64\debug\cuda_matrix.h.obj
x64\debug\cuda_vector.h.obj
x64\debug\cuda_getgpuinfo.cu.obj
f:\projects\cuda\checkgpu\x64\debug\checkgpu.exe
f:\projects\cuda\checkgpu\x64\debug\checkgpu.ilk
f:\projects\cuda\checkgpu\x64\debug\checkgpu.pdb
f:\projects\cuda\checkgpu\x64\debug\cuda_getgpuinfo.cu.cache
f:\projects\cuda\checkgpu\x64\debug\cuda_getgpuinfo.h.cache
f:\projects\cuda\checkgpu\x64\debug\cuda_matrix.cu.cache
f:\projects\cuda\checkgpu\x64\debug\cuda_matrix.h.cache
f:\projects\cuda\checkgpu\x64\debug\cuda_vector.cu.cache
f:\projects\cuda\checkgpu\x64\debug\cuda_vector.h.cache
f:\projects\cuda\checkgpu\x64\debug\kernel.cu.cache
f:\projects\cuda\checkgpu\x64\debug\cuda_getgpuinfo.cu.obj
f:\projects\cuda\checkgpu\x64\debug\cuda_getgpuinfo.h.obj
f:\projects\cuda\checkgpu\x64\debug\cuda_matrix.cu.obj
f:\projects\cuda\checkgpu\x64\debug\cuda_matrix.h.obj
f:\projects\cuda\checkgpu\x64\debug\cuda_vector.cu.obj
f:\projects\cuda\checkgpu\x64\debug\cuda_vector.h.obj
f:\projects\cuda\checkgpu\x64\debug\kernel.cu.obj
f:\projects\cuda\checkgpu\x64\debug\vc141.pdb
f:\projects\cuda\checkgpu\x64\debug\checkgpu.tlog\checkgpu.write.1u.tlog
f:\projects\cuda\checkgpu\x64\debug\checkgpu.tlog\cudacompile.read.1u.tlog
f:\projects\cuda\checkgpu\x64\debug\checkgpu.tlog\cudacompile.write.1u.tlog
f:\projects\cuda\checkgpu\x64\debug\checkgpu.tlog\link.command.1.tlog
f:\projects\cuda\checkgpu\x64\debug\checkgpu.tlog\link.read.1.tlog
f:\projects\cuda\checkgpu\x64\debug\checkgpu.tlog\link.write.1.tlog
